# JRE version: OpenJDK Runtime Environment (18.0.2.1+1) (build 18.0.2.1+1-1)
# Java VM: OpenJDK 64-Bit Server VM (18.0.2.1+1-1, mixed mode, sharing, tiered, compressed oops, compressed class ptrs, g1 gc, windows-amd64)
GC Precious Log:
 CardTable entry size: 512
 Card Set container configuration: InlinePtr #cards 3 size 8 Array Of Cards #cards 128 size 272 Howl #buckets 8 coarsen threshold 29491 Howl Bitmap #cards 4096 size 528 coarsen threshold 3686 Card regions per heap region 1 cards per card region 32768
 CPUs: 32 total, 32 available
 Memory: 127G
 Large Page Support: Disabled
 NUMA Support: Disabled
 Compressed Oops: Enabled (Zero based)
 Heap Region Size: 16M
 Heap Min Capacity: 16M
 Heap Initial Capacity: 2G
 Heap Max Capacity: 30208M
 Pre-touch: Disabled
 Parallel Workers: 23
 Concurrent Workers: 6
 Concurrent Refinement Workers: 23
 Periodic GC: Disabled
Heap:
 garbage-first heap   total 1130496K, used 210325K [0x00000000a0000000, 0x0000000800000000)
  region size 16384K, 14 young (229376K), 1 survivors (16384K)
 Metaspace       used 24037K, committed 24384K, reserved 1114112K
  class space    used 2531K, committed 2688K, reserved 1048576K
GC Heap History (20 events):
Event: 0.932 GC heap before
{Heap before GC invocations=1 (full 0):
 garbage-first heap   total 2097152K, used 89074K [0x00000000a0000000, 0x0000000800000000)
  region size 16384K, 6 young (98304K), 1 survivors (16384K)
 Metaspace       used 13403K, committed 13632K, reserved 1114112K
  class space    used 1397K, committed 1536K, reserved 1048576K
}
Event: 0.935 GC heap after
{Heap after GC invocations=2 (full 0):
 garbage-first heap   total 2097152K, used 7603K [0x00000000a0000000, 0x0000000800000000)
  region size 16384K, 1 young (16384K), 1 survivors (16384K)
 Metaspace       used 13403K, committed 13632K, reserved 1114112K
  class space    used 1397K, committed 1536K, reserved 1048576K
}
Event: 1.058 GC heap before
{Heap before GC invocations=2 (full 0):
 garbage-first heap   total 2097152K, used 122291K [0x00000000a0000000, 0x0000000800000000)
  region size 16384K, 8 young (131072K), 1 survivors (16384K)
 Metaspace       used 13403K, committed 13632K, reserved 1114112K
  class space    used 1397K, committed 1536K, reserved 1048576K
}
Event: 1.062 GC heap after
{Heap after GC invocations=3 (full 0):
 garbage-first heap   total 2097152K, used 8636K [0x00000000a0000000, 0x0000000800000000)
  region size 16384K, 1 young (16384K), 1 survivors (16384K)
 Metaspace       used 13403K, committed 13632K, reserved 1114112K
  class space    used 1397K, committed 1536K, reserved 1048576K
}
Event: 1.913 GC heap before
{Heap before GC invocations=3 (full 0):
 garbage-first heap   total 2097152K, used 369084K [0x00000000a0000000, 0x0000000800000000)
  region size 16384K, 24 young (393216K), 1 survivors (16384K)
 Metaspace       used 21197K, committed 21504K, reserved 1114112K
  class space    used 2271K, committed 2432K, reserved 1048576K
}
Event: 1.917 GC heap after
{Heap after GC invocations=4 (full 0):
 garbage-first heap   total 2097152K, used 10964K [0x00000000a0000000, 0x0000000800000000)
  region size 16384K, 1 young (16384K), 1 survivors (16384K)
 Metaspace       used 21197K, committed 21504K, reserved 1114112K
  class space    used 2271K, committed 2432K, reserved 1048576K
}
Event: 3.014 GC heap before
{Heap before GC invocations=5 (full 0):
 garbage-first heap   total 114688K, used 109268K [0x00000000a0000000, 0x0000000800000000)
  region size 16384K, 7 young (114688K), 1 survivors (16384K)
 Metaspace       used 22651K, committed 22976K, reserved 1114112K
  class space    used 2418K, committed 2560K, reserved 1048576K
}
Event: 3.020 GC heap after
{Heap after GC invocations=6 (full 0):
 garbage-first heap   total 147456K, used 17740K [0x00000000a0000000, 0x0000000800000000)
  region size 16384K, 2 young (32768K), 2 survivors (32768K)
 Metaspace       used 22651K, committed 22976K, reserved 1114112K
  class space    used 2418K, committed 2560K, reserved 1048576K
}
Event: 3.043 GC heap before
{Heap before GC invocations=6 (full 0):
 garbage-first heap   total 147456K, used 66892K [0x00000000a0000000, 0x0000000800000000)
  region size 16384K, 5 young (81920K), 2 survivors (32768K)
 Metaspace       used 22660K, committed 22976K, reserved 1114112K
  class space    used 2418K, committed 2560K, reserved 1048576K
}
Event: 3.048 GC heap after
{Heap after GC invocations=7 (full 0):
 garbage-first heap   total 147456K, used 27598K [0x00000000a0000000, 0x0000000800000000)
  region size 16384K, 1 young (16384K), 1 survivors (16384K)
 Metaspace       used 22660K, committed 22976K, reserved 1114112K
  class space    used 2418K, committed 2560K, reserved 1048576K
}
Event: 3.233 GC heap before
{Heap before GC invocations=7 (full 0):
 garbage-first heap   total 147456K, used 93134K [0x00000000a0000000, 0x0000000800000000)
  region size 16384K, 5 young (81920K), 1 survivors (16384K)
 Metaspace       used 23345K, committed 23616K, reserved 1114112K
  class space    used 2492K, committed 2624K, reserved 1048576K
}
Event: 3.234 GC heap after
{Heap after GC invocations=8 (full 0):
 garbage-first heap   total 147456K, used 13280K [0x00000000a0000000, 0x0000000800000000)
  region size 16384K, 1 young (16384K), 1 survivors (16384K)
 Metaspace       used 23345K, committed 23616K, reserved 1114112K
  class space    used 2492K, committed 2624K, reserved 1048576K
}
Event: 3.288 GC heap before
{Heap before GC invocations=8 (full 0):
 garbage-first heap   total 147456K, used 78816K [0x00000000a0000000, 0x0000000800000000)
  region size 16384K, 5 young (81920K), 1 survivors (16384K)
 Metaspace       used 23345K, committed 23616K, reserved 1114112K
  class space    used 2492K, committed 2624K, reserved 1048576K
}
Event: 3.288 GC heap after
{Heap after GC invocations=9 (full 0):
 garbage-first heap   total 147456K, used 12599K [0x00000000a0000000, 0x0000000800000000)
  region size 16384K, 1 young (16384K), 1 survivors (16384K)
 Metaspace       used 23345K, committed 23616K, reserved 1114112K
  class space    used 2492K, committed 2624K, reserved 1048576K
}
Event: 3.330 GC heap before
{Heap before GC invocations=9 (full 0):
 garbage-first heap   total 147456K, used 78135K [0x00000000a0000000, 0x0000000800000000)
  region size 16384K, 5 young (81920K), 1 survivors (16384K)
 Metaspace       used 23352K, committed 23680K, reserved 1114112K
  class space    used 2492K, committed 2624K, reserved 1048576K
}
Event: 3.331 GC heap after
{Heap after GC invocations=10 (full 0):
 garbage-first heap   total 147456K, used 12599K [0x00000000a0000000, 0x0000000800000000)
  region size 16384K, 1 young (16384K), 1 survivors (16384K)
 Metaspace       used 23352K, committed 23680K, reserved 1114112K
  class space    used 2492K, committed 2624K, reserved 1048576K
}
Event: 3.377 GC heap before
{Heap before GC invocations=10 (full 0):
 garbage-first heap   total 147456K, used 78135K [0x00000000a0000000, 0x0000000800000000)
  region size 16384K, 5 young (81920K), 1 survivors (16384K)
 Metaspace       used 23352K, committed 23680K, reserved 1114112K
  class space    used 2492K, committed 2624K, reserved 1048576K
}
Event: 3.379 GC heap after
{Heap after GC invocations=11 (full 0):
 garbage-first heap   total 1130496K, used 12597K [0x00000000a0000000, 0x0000000800000000)
  region size 16384K, 1 young (16384K), 1 survivors (16384K)
 Metaspace       used 23352K, committed 23680K, reserved 1114112K
  class space    used 2492K, committed 2624K, reserved 1048576K
}
Event: 3.964 GC heap before
{Heap before GC invocations=11 (full 0):
 garbage-first heap   total 1130496K, used 667957K [0x00000000a0000000, 0x0000000800000000)
  region size 16384K, 41 young (671744K), 1 survivors (16384K)
 Metaspace       used 23353K, committed 23680K, reserved 1114112K
  class space    used 2492K, committed 2624K, reserved 1048576K
}
Event: 3.965 GC heap after
{Heap after GC invocations=12 (full 0):
 garbage-first heap   total 1130496K, used 13717K [0x00000000a0000000, 0x0000000800000000)
  region size 16384K, 1 young (16384K), 1 survivors (16384K)
 Metaspace       used 23353K, committed 23680K, reserved 1114112K
  class space    used 2492K, committed 2624K, reserved 1048576K
}

