# JRE version: OpenJDK Runtime Environment (18.0.2.1+1) (build 18.0.2.1+1-1)
# Java VM: OpenJDK 64-Bit Server VM (18.0.2.1+1-1, mixed mode, sharing, tiered, compressed oops, compressed class ptrs, g1 gc, windows-amd64)
GC Precious Log:
 CardTable entry size: 512
 Card Set container configuration: InlinePtr #cards 3 size 8 Array Of Cards #cards 128 size 272 Howl #buckets 8 coarsen threshold 29491 Howl Bitmap #cards 4096 size 528 coarsen threshold 3686 Card regions per heap region 1 cards per card region 32768
 CPUs: 32 total, 32 available
 Memory: 127G
 Large Page Support: Disabled
 NUMA Support: Disabled
 Compressed Oops: Enabled (Zero based)
 Heap Region Size: 16M
 Heap Min Capacity: 16M
 Heap Initial Capacity: 2G
 Heap Max Capacity: 30208M
 Pre-touch: Disabled
 Parallel Workers: 23
 Concurrent Workers: 6
 Concurrent Refinement Workers: 23
 Periodic GC: Disabled
Heap:
 garbage-first heap   total 1130496K, used 227449K [0x00000000a0000000, 0x0000000800000000)
  region size 16384K, 15 young (245760K), 1 survivors (16384K)
 Metaspace       used 24201K, committed 24512K, reserved 1114112K
  class space    used 2549K, committed 2688K, reserved 1048576K
GC Heap History (20 events):
Event: 0.914 GC heap before
{Heap before GC invocations=1 (full 0):
 garbage-first heap   total 2097152K, used 89036K [0x00000000a0000000, 0x0000000800000000)
  region size 16384K, 6 young (98304K), 1 survivors (16384K)
 Metaspace       used 14014K, committed 14272K, reserved 1114112K
  class space    used 1423K, committed 1536K, reserved 1048576K
}
Event: 0.917 GC heap after
{Heap after GC invocations=2 (full 0):
 garbage-first heap   total 2097152K, used 7673K [0x00000000a0000000, 0x0000000800000000)
  region size 16384K, 1 young (16384K), 1 survivors (16384K)
 Metaspace       used 14014K, committed 14272K, reserved 1114112K
  class space    used 1423K, committed 1536K, reserved 1048576K
}
Event: 1.043 GC heap before
{Heap before GC invocations=2 (full 0):
 garbage-first heap   total 2097152K, used 122361K [0x00000000a0000000, 0x0000000800000000)
  region size 16384K, 8 young (131072K), 1 survivors (16384K)
 Metaspace       used 14016K, committed 14272K, reserved 1114112K
  class space    used 1423K, committed 1536K, reserved 1048576K
}
Event: 1.047 GC heap after
{Heap after GC invocations=3 (full 0):
 garbage-first heap   total 2097152K, used 8487K [0x00000000a0000000, 0x0000000800000000)
  region size 16384K, 1 young (16384K), 1 survivors (16384K)
 Metaspace       used 14016K, committed 14272K, reserved 1114112K
  class space    used 1423K, committed 1536K, reserved 1048576K
}
Event: 1.817 GC heap before
{Heap before GC invocations=3 (full 0):
 garbage-first heap   total 2097152K, used 368935K [0x00000000a0000000, 0x0000000800000000)
  region size 16384K, 24 young (393216K), 1 survivors (16384K)
 Metaspace       used 21290K, committed 21504K, reserved 1114112K
  class space    used 2267K, committed 2368K, reserved 1048576K
}
Event: 1.821 GC heap after
{Heap after GC invocations=4 (full 0):
 garbage-first heap   total 2097152K, used 11123K [0x00000000a0000000, 0x0000000800000000)
  region size 16384K, 1 young (16384K), 1 survivors (16384K)
 Metaspace       used 21290K, committed 21504K, reserved 1114112K
  class space    used 2267K, committed 2368K, reserved 1048576K
}
Event: 2.942 GC heap before
{Heap before GC invocations=5 (full 0):
 garbage-first heap   total 114688K, used 109427K [0x00000000a0000000, 0x0000000800000000)
  region size 16384K, 7 young (114688K), 1 survivors (16384K)
 Metaspace       used 23080K, committed 23424K, reserved 1114112K
  class space    used 2439K, committed 2624K, reserved 1048576K
}
Event: 2.948 GC heap after
{Heap after GC invocations=6 (full 0):
 garbage-first heap   total 147456K, used 19296K [0x00000000a0000000, 0x0000000800000000)
  region size 16384K, 2 young (32768K), 2 survivors (32768K)
 Metaspace       used 23080K, committed 23424K, reserved 1114112K
  class space    used 2439K, committed 2624K, reserved 1048576K
}
Event: 2.967 GC heap before
{Heap before GC invocations=6 (full 0):
 garbage-first heap   total 147456K, used 68448K [0x00000000a0000000, 0x0000000800000000)
  region size 16384K, 5 young (81920K), 2 survivors (32768K)
 Metaspace       used 23080K, committed 23424K, reserved 1114112K
  class space    used 2439K, committed 2624K, reserved 1048576K
}
Event: 2.972 GC heap after
{Heap after GC invocations=7 (full 0):
 garbage-first heap   total 147456K, used 28370K [0x00000000a0000000, 0x0000000800000000)
  region size 16384K, 1 young (16384K), 1 survivors (16384K)
 Metaspace       used 23080K, committed 23424K, reserved 1114112K
  class space    used 2439K, committed 2624K, reserved 1048576K
}
Event: 3.144 GC heap before
{Heap before GC invocations=7 (full 0):
 garbage-first heap   total 147456K, used 93906K [0x00000000a0000000, 0x0000000800000000)
  region size 16384K, 5 young (81920K), 1 survivors (16384K)
 Metaspace       used 23738K, committed 24064K, reserved 1114112K
  class space    used 2514K, committed 2688K, reserved 1048576K
}
Event: 3.145 GC heap after
{Heap after GC invocations=8 (full 0):
 garbage-first heap   total 147456K, used 14247K [0x00000000a0000000, 0x0000000800000000)
  region size 16384K, 1 young (16384K), 1 survivors (16384K)
 Metaspace       used 23738K, committed 24064K, reserved 1114112K
  class space    used 2514K, committed 2688K, reserved 1048576K
}
Event: 3.199 GC heap before
{Heap before GC invocations=8 (full 0):
 garbage-first heap   total 147456K, used 79783K [0x00000000a0000000, 0x0000000800000000)
  region size 16384K, 5 young (81920K), 1 survivors (16384K)
 Metaspace       used 23743K, committed 24064K, reserved 1114112K
  class space    used 2514K, committed 2688K, reserved 1048576K
}
Event: 3.199 GC heap after
{Heap after GC invocations=9 (full 0):
 garbage-first heap   total 147456K, used 13438K [0x00000000a0000000, 0x0000000800000000)
  region size 16384K, 1 young (16384K), 1 survivors (16384K)
 Metaspace       used 23743K, committed 24064K, reserved 1114112K
  class space    used 2514K, committed 2688K, reserved 1048576K
}
Event: 3.241 GC heap before
{Heap before GC invocations=9 (full 0):
 garbage-first heap   total 147456K, used 78974K [0x00000000a0000000, 0x0000000800000000)
  region size 16384K, 5 young (81920K), 1 survivors (16384K)
 Metaspace       used 23750K, committed 24128K, reserved 1114112K
  class space    used 2514K, committed 2688K, reserved 1048576K
}
Event: 3.242 GC heap after
{Heap after GC invocations=10 (full 0):
 garbage-first heap   total 147456K, used 13600K [0x00000000a0000000, 0x0000000800000000)
  region size 16384K, 1 young (16384K), 1 survivors (16384K)
 Metaspace       used 23750K, committed 24128K, reserved 1114112K
  class space    used 2514K, committed 2688K, reserved 1048576K
}
Event: 3.288 GC heap before
{Heap before GC invocations=10 (full 0):
 garbage-first heap   total 147456K, used 79136K [0x00000000a0000000, 0x0000000800000000)
  region size 16384K, 5 young (81920K), 1 survivors (16384K)
 Metaspace       used 23750K, committed 24128K, reserved 1114112K
  class space    used 2514K, committed 2688K, reserved 1048576K
}
Event: 3.290 GC heap after
{Heap after GC invocations=11 (full 0):
 garbage-first heap   total 1130496K, used 13410K [0x00000000a0000000, 0x0000000800000000)
  region size 16384K, 1 young (16384K), 1 survivors (16384K)
 Metaspace       used 23750K, committed 24128K, reserved 1114112K
  class space    used 2514K, committed 2688K, reserved 1048576K
}
Event: 3.891 GC heap before
{Heap before GC invocations=11 (full 0):
 garbage-first heap   total 1130496K, used 668770K [0x00000000a0000000, 0x0000000800000000)
  region size 16384K, 41 young (671744K), 1 survivors (16384K)
 Metaspace       used 23751K, committed 24128K, reserved 1114112K
  class space    used 2514K, committed 2688K, reserved 1048576K
}
Event: 3.893 GC heap after
{Heap after GC invocations=12 (full 0):
 garbage-first heap   total 1130496K, used 14457K [0x00000000a0000000, 0x0000000800000000)
  region size 16384K, 1 young (16384K), 1 survivors (16384K)
 Metaspace       used 23751K, committed 24128K, reserved 1114112K
  class space    used 2514K, committed 2688K, reserved 1048576K
}

